[25-Oct-2018 08:44:12 Europe/Berlin] ::session.inc:432:[before upgrade] ini_set(): A session is active. You cannot change the session module's ini settings at this time
[25-Oct-2018 08:44:12 Europe/Berlin] 0::login.php:107:[before upgrade] count(): Parameter must be an array or an object that implements Countable
[25-Oct-2018 08:44:57 Europe/Berlin] 0::session.inc:432:[before upgrade] ini_set(): A session is active. You cannot change the session module's ini settings at this time
[25-Oct-2018 08:44:59 Europe/Berlin] 0::session.inc:432:[before upgrade] ini_set(): A session is active. You cannot change the session module's ini settings at this time
[25-Oct-2018 08:44:59 Europe/Berlin] 0:admin:session.inc:432:[before upgrade] ini_set(): A session is active. You cannot change the session module's ini settings at this time
[25-Oct-2018 08:45:13 Europe/Berlin] 0:admin:session.inc:432:[before upgrade] ini_set(): A session is active. You cannot change the session module's ini settings at this time
[25-Oct-2018 08:49:40 Europe/Berlin] 0:admin:session.inc:432:[before upgrade] ini_set(): A session is active. You cannot change the session module's ini settings at this time
[25-Oct-2018 08:49:42 Europe/Berlin] 0:admin:session.inc:432:[before upgrade] ini_set(): A session is active. You cannot change the session module's ini settings at this time
[25-Oct-2018 08:49:44 Europe/Berlin] 0:admin:session.inc:432:[before upgrade] ini_set(): A session is active. You cannot change the session module's ini settings at this time
[25-Oct-2018 08:49:44 Europe/Berlin] 0:admin:session.inc:432:[before upgrade] ini_set(): A session is active. You cannot change the session module's ini settings at this time
[25-Oct-2018 08:49:46 Europe/Berlin] 0:admin:session.inc:432:[before upgrade] ini_set(): A session is active. You cannot change the session module's ini settings at this time
[25-Oct-2018 08:49:56 Europe/Berlin] 0:admin:session.inc:432:[before upgrade] ini_set(): A session is active. You cannot change the session module's ini settings at this time
[25-Oct-2018 08:49:59 Europe/Berlin] 0:admin:session.inc:432:[before upgrade] ini_set(): A session is active. You cannot change the session module's ini settings at this time
[25-Oct-2018 08:49:59 Europe/Berlin] 0:admin:db_pager.inc:293: count(): Parameter must be an array or an object that implements Countable
[25-Oct-2018 08:49:59 Europe/Berlin] 0:admin:db_pager.inc:293: count(): Parameter must be an array or an object that implements Countable
[25-Oct-2018 08:50:03 Europe/Berlin] 0:admin:session.inc:432:[before upgrade] ini_set(): A session is active. You cannot change the session module's ini settings at this time
[25-Oct-2018 08:55:04 Europe/Berlin] 0:admin:session.inc:432:[before upgrade] ini_set(): A session is active. You cannot change the session module's ini settings at this time
[25-Oct-2018 08:55:10 Europe/Berlin] 0:admin:session.inc:432:[before upgrade] ini_set(): A session is active. You cannot change the session module's ini settings at this time
[25-Oct-2018 08:57:44 Europe/Berlin] 0:admin:session.inc:432:[before upgrade] ini_set(): A session is active. You cannot change the session module's ini settings at this time
[25-Oct-2018 08:57:52 Europe/Berlin] 0:admin:session.inc:432:[before upgrade] ini_set(): A session is active. You cannot change the session module's ini settings at this time
[25-Oct-2018 08:57:55 Europe/Berlin] 0:admin:session.inc:432:[before upgrade] ini_set(): A session is active. You cannot change the session module's ini settings at this time
[29-Oct-2018 06:23:35 Europe/Berlin] 0:admin:session.inc:432:[before upgrade] ini_set(): A session is active. You cannot change the session module's ini settings at this time
[29-Oct-2018 06:23:47 Europe/Berlin] 0:admin:session.inc:432:[before upgrade] ini_set(): A session is active. You cannot change the session module's ini settings at this time
[29-Oct-2018 06:23:47 Europe/Berlin] 0:admin:session.inc:432:[before upgrade] ini_set(): A session is active. You cannot change the session module's ini settings at this time
[29-Oct-2018 06:23:53 Europe/Berlin] 0:admin:session.inc:432:[before upgrade] ini_set(): A session is active. You cannot change the session module's ini settings at this time
[29-Oct-2018 06:34:39 Europe/Berlin] 0:admin:session.inc:432:[before upgrade] ini_set(): A session is active. You cannot change the session module's ini settings at this time
[29-Oct-2018 06:34:41 Europe/Berlin] 0:admin:session.inc:432:[before upgrade] ini_set(): A session is active. You cannot change the session module's ini settings at this time
[29-Oct-2018 06:34:41 Europe/Berlin] 0:admin:session.inc:432:[before upgrade] ini_set(): A session is active. You cannot change the session module's ini settings at this time
[29-Oct-2018 06:34:58 Europe/Berlin] 0:admin:session.inc:432:[before upgrade] ini_set(): A session is active. You cannot change the session module's ini settings at this time
[29-Oct-2018 06:35:55 Europe/Berlin] 0:admin:session.inc:432:[before upgrade] ini_set(): A session is active. You cannot change the session module's ini settings at this time
[29-Oct-2018 06:36:03 Europe/Berlin] 0:admin:session.inc:432:[before upgrade] ini_set(): A session is active. You cannot change the session module's ini settings at this time
[29-Oct-2018 06:36:03 Europe/Berlin] 0:admin:customer_payments.php:366: Unhandled exception [0]: Call to undefined function text().
[29-Oct-2018 06:36:13 Europe/Berlin] 0:admin:session.inc:432:[before upgrade] ini_set(): A session is active. You cannot change the session module's ini settings at this time
[29-Oct-2018 06:37:02 Europe/Berlin] 0:admin:session.inc:432:[before upgrade] ini_set(): A session is active. You cannot change the session module's ini settings at this time
[29-Oct-2018 06:38:38 Europe/Berlin] 0:admin:session.inc:432:[before upgrade] ini_set(): A session is active. You cannot change the session module's ini settings at this time
[29-Oct-2018 06:38:50 Europe/Berlin] 0:admin:session.inc:432:[before upgrade] ini_set(): A session is active. You cannot change the session module's ini settings at this time
[29-Oct-2018 06:39:29 Europe/Berlin] 0:admin:session.inc:432:[before upgrade] ini_set(): A session is active. You cannot change the session module's ini settings at this time
[29-Oct-2018 06:40:11 Europe/Berlin] 0:admin:session.inc:432:[before upgrade] ini_set(): A session is active. You cannot change the session module's ini settings at this time
[29-Oct-2018 06:40:18 Europe/Berlin] 0:admin:session.inc:432:[before upgrade] ini_set(): A session is active. You cannot change the session module's ini settings at this time
[29-Oct-2018 06:40:21 Europe/Berlin] 0:admin:session.inc:432:[before upgrade] ini_set(): A session is active. You cannot change the session module's ini settings at this time
[29-Oct-2018 06:40:24 Europe/Berlin] 0:admin:session.inc:432:[before upgrade] ini_set(): A session is active. You cannot change the session module's ini settings at this time
[29-Oct-2018 06:40:36 Europe/Berlin] 0:admin:session.inc:432:[before upgrade] ini_set(): A session is active. You cannot change the session module's ini settings at this time
[29-Oct-2018 06:40:52 Europe/Berlin] 0:admin:session.inc:432:[before upgrade] ini_set(): A session is active. You cannot change the session module's ini settings at this time
[29-Oct-2018 06:40:55 Europe/Berlin] 0:admin:session.inc:432:[before upgrade] ini_set(): A session is active. You cannot change the session module's ini settings at this time
[29-Oct-2018 06:41:06 Europe/Berlin] 0:admin:session.inc:432:[before upgrade] ini_set(): A session is active. You cannot change the session module's ini settings at this time
[29-Oct-2018 06:41:08 Europe/Berlin] 0:admin:session.inc:432:[before upgrade] ini_set(): A session is active. You cannot change the session module's ini settings at this time
[29-Oct-2018 06:42:31 Europe/Berlin] 0:admin:session.inc:432:[before upgrade] ini_set(): A session is active. You cannot change the session module's ini settings at this time
[29-Oct-2018 06:42:32 Europe/Berlin] 0:admin:session.inc:432:[before upgrade] ini_set(): A session is active. You cannot change the session module's ini settings at this time
[29-Oct-2018 06:42:34 Europe/Berlin] 0:admin:session.inc:432:[before upgrade] ini_set(): A session is active. You cannot change the session module's ini settings at this time
[29-Oct-2018 06:42:46 Europe/Berlin] 0:admin:session.inc:432:[before upgrade] ini_set(): A session is active. You cannot change the session module's ini settings at this time
[29-Oct-2018 06:43:41 Europe/Berlin] 0:admin:session.inc:432:[before upgrade] ini_set(): A session is active. You cannot change the session module's ini settings at this time
[29-Oct-2018 06:43:44 Europe/Berlin] 0:admin:session.inc:432:[before upgrade] ini_set(): A session is active. You cannot change the session module's ini settings at this time
[29-Oct-2018 06:43:46 Europe/Berlin] 0:admin:session.inc:432:[before upgrade] ini_set(): A session is active. You cannot change the session module's ini settings at this time
[29-Oct-2018 06:43:49 Europe/Berlin] 0:admin:session.inc:432:[before upgrade] ini_set(): A session is active. You cannot change the session module's ini settings at this time
[29-Oct-2018 06:43:50 Europe/Berlin] 0:admin:session.inc:432:[before upgrade] ini_set(): A session is active. You cannot change the session module's ini settings at this time
[29-Oct-2018 06:43:51 Europe/Berlin] 0:admin:session.inc:432:[before upgrade] ini_set(): A session is active. You cannot change the session module's ini settings at this time
[29-Oct-2018 06:43:52 Europe/Berlin] 0:admin:session.inc:432:[before upgrade] ini_set(): A session is active. You cannot change the session module's ini settings at this time
[29-Oct-2018 06:43:53 Europe/Berlin] 0:admin:session.inc:432:[before upgrade] ini_set(): A session is active. You cannot change the session module's ini settings at this time
[29-Oct-2018 06:43:55 Europe/Berlin] 0:admin:session.inc:432:[before upgrade] ini_set(): A session is active. You cannot change the session module's ini settings at this time
[29-Oct-2018 06:45:38 Europe/Berlin] 0:admin:session.inc:432:[before upgrade] ini_set(): A session is active. You cannot change the session module's ini settings at this time
[29-Oct-2018 06:45:40 Europe/Berlin] 0:admin:session.inc:432:[before upgrade] ini_set(): A session is active. You cannot change the session module's ini settings at this time
[29-Oct-2018 06:45:44 Europe/Berlin] 0:admin:session.inc:432:[before upgrade] ini_set(): A session is active. You cannot change the session module's ini settings at this time
[29-Oct-2018 06:47:13 Europe/Berlin] 0:admin:session.inc:432:[before upgrade] ini_set(): A session is active. You cannot change the session module's ini settings at this time
[29-Oct-2018 06:47:41 Europe/Berlin] 0:admin:session.inc:432:[before upgrade] ini_set(): A session is active. You cannot change the session module's ini settings at this time
[29-Oct-2018 06:47:53 Europe/Berlin] 0:admin:session.inc:432:[before upgrade] ini_set(): A session is active. You cannot change the session module's ini settings at this time
[29-Oct-2018 06:47:55 Europe/Berlin] 0:admin:session.inc:432:[before upgrade] ini_set(): A session is active. You cannot change the session module's ini settings at this time
[29-Oct-2018 06:48:42 Europe/Berlin] 0:admin:session.inc:432:[before upgrade] ini_set(): A session is active. You cannot change the session module's ini settings at this time
[29-Oct-2018 06:48:44 Europe/Berlin] 0:admin:session.inc:432:[before upgrade] ini_set(): A session is active. You cannot change the session module's ini settings at this time
[29-Oct-2018 06:48:45 Europe/Berlin] 0:admin:session.inc:432:[before upgrade] ini_set(): A session is active. You cannot change the session module's ini settings at this time
[29-Oct-2018 06:48:46 Europe/Berlin] 0:admin:session.inc:432:[before upgrade] ini_set(): A session is active. You cannot change the session module's ini settings at this time
[29-Oct-2018 06:48:48 Europe/Berlin] 0:admin:session.inc:432:[before upgrade] ini_set(): A session is active. You cannot change the session module's ini settings at this time
[29-Oct-2018 06:49:45 Europe/Berlin] 0:admin:session.inc:432:[before upgrade] ini_set(): A session is active. You cannot change the session module's ini settings at this time
[29-Oct-2018 06:49:47 Europe/Berlin] 0:admin:session.inc:432:[before upgrade] ini_set(): A session is active. You cannot change the session module's ini settings at this time
[29-Oct-2018 06:49:48 Europe/Berlin] 0:admin:session.inc:432:[before upgrade] ini_set(): A session is active. You cannot change the session module's ini settings at this time
[29-Oct-2018 06:49:52 Europe/Berlin] 0:admin:session.inc:432:[before upgrade] ini_set(): A session is active. You cannot change the session module's ini settings at this time
[29-Oct-2018 06:49:53 Europe/Berlin] 0:admin:session.inc:432:[before upgrade] ini_set(): A session is active. You cannot change the session module's ini settings at this time
[29-Oct-2018 06:49:55 Europe/Berlin] 0:admin:session.inc:432:[before upgrade] ini_set(): A session is active. You cannot change the session module's ini settings at this time
[29-Oct-2018 06:50:26 Europe/Berlin] 0:admin:session.inc:432:[before upgrade] ini_set(): A session is active. You cannot change the session module's ini settings at this time
[29-Oct-2018 06:50:27 Europe/Berlin] 0:admin:session.inc:432:[before upgrade] ini_set(): A session is active. You cannot change the session module's ini settings at this time
[29-Oct-2018 06:50:28 Europe/Berlin] 0:admin:session.inc:432:[before upgrade] ini_set(): A session is active. You cannot change the session module's ini settings at this time
[29-Oct-2018 06:50:29 Europe/Berlin] 0:admin:session.inc:432:[before upgrade] ini_set(): A session is active. You cannot change the session module's ini settings at this time
[29-Oct-2018 06:50:47 Europe/Berlin] 0:admin:session.inc:432:[before upgrade] ini_set(): A session is active. You cannot change the session module's ini settings at this time
[29-Oct-2018 06:50:49 Europe/Berlin] 0:admin:session.inc:432:[before upgrade] ini_set(): A session is active. You cannot change the session module's ini settings at this time
[29-Oct-2018 06:53:01 Europe/Berlin] 0:admin:session.inc:432:[before upgrade] ini_set(): A session is active. You cannot change the session module's ini settings at this time
[29-Oct-2018 06:53:03 Europe/Berlin] 0:admin:session.inc:432:[before upgrade] ini_set(): A session is active. You cannot change the session module's ini settings at this time
[29-Oct-2018 06:53:17 Europe/Berlin] 0:admin:session.inc:432:[before upgrade] ini_set(): A session is active. You cannot change the session module's ini settings at this time
[29-Oct-2018 06:53:19 Europe/Berlin] 0:admin:session.inc:432:[before upgrade] ini_set(): A session is active. You cannot change the session module's ini settings at this time
[29-Oct-2018 06:53:46 Europe/Berlin] 0:admin:session.inc:432:[before upgrade] ini_set(): A session is active. You cannot change the session module's ini settings at this time
[29-Oct-2018 06:53:47 Europe/Berlin] 0:admin:session.inc:432:[before upgrade] ini_set(): A session is active. You cannot change the session module's ini settings at this time
[29-Oct-2018 06:53:48 Europe/Berlin] 0:admin:session.inc:432:[before upgrade] ini_set(): A session is active. You cannot change the session module's ini settings at this time
[29-Oct-2018 06:53:48 Europe/Berlin] 0:admin:session.inc:432:[before upgrade] ini_set(): A session is active. You cannot change the session module's ini settings at this time
[29-Oct-2018 06:53:49 Europe/Berlin] 0:admin:session.inc:432:[before upgrade] ini_set(): A session is active. You cannot change the session module's ini settings at this time
[29-Oct-2018 06:53:49 Europe/Berlin] 0:admin:session.inc:432:[before upgrade] ini_set(): A session is active. You cannot change the session module's ini settings at this time
[29-Oct-2018 06:53:50 Europe/Berlin] 0:admin:session.inc:432:[before upgrade] ini_set(): A session is active. You cannot change the session module's ini settings at this time
[29-Oct-2018 06:53:52 Europe/Berlin] 0:admin:session.inc:432:[before upgrade] ini_set(): A session is active. You cannot change the session module's ini settings at this time
[29-Oct-2018 06:53:56 Europe/Berlin] 0:admin:session.inc:432:[before upgrade] ini_set(): A session is active. You cannot change the session module's ini settings at this time
[29-Oct-2018 06:53:57 Europe/Berlin] 0:admin:session.inc:432:[before upgrade] ini_set(): A session is active. You cannot change the session module's ini settings at this time
[29-Oct-2018 06:53:59 Europe/Berlin] 0:admin:session.inc:432:[before upgrade] ini_set(): A session is active. You cannot change the session module's ini settings at this time
[29-Oct-2018 06:56:08 Europe/Berlin] 0:admin:session.inc:432:[before upgrade] ini_set(): A session is active. You cannot change the session module's ini settings at this time
[29-Oct-2018 06:56:11 Europe/Berlin] 0:admin:session.inc:432:[before upgrade] ini_set(): A session is active. You cannot change the session module's ini settings at this time
[29-Oct-2018 06:56:13 Europe/Berlin] 0:admin:session.inc:432:[before upgrade] ini_set(): A session is active. You cannot change the session module's ini settings at this time
[29-Oct-2018 06:56:13 Europe/Berlin] 0:admin:session.inc:432:[before upgrade] ini_set(): A session is active. You cannot change the session module's ini settings at this time
[29-Oct-2018 06:56:38 Europe/Berlin] 0:admin:session.inc:432:[before upgrade] ini_set(): A session is active. You cannot change the session module's ini settings at this time
[29-Oct-2018 06:56:41 Europe/Berlin] 0:admin:session.inc:432:[before upgrade] ini_set(): A session is active. You cannot change the session module's ini settings at this time
[29-Oct-2018 06:56:42 Europe/Berlin] 0:admin:session.inc:432:[before upgrade] ini_set(): A session is active. You cannot change the session module's ini settings at this time
[29-Oct-2018 06:56:43 Europe/Berlin] 0:admin:session.inc:432:[before upgrade] ini_set(): A session is active. You cannot change the session module's ini settings at this time
[29-Oct-2018 06:56:51 Europe/Berlin] 0:admin:session.inc:432:[before upgrade] ini_set(): A session is active. You cannot change the session module's ini settings at this time
[29-Oct-2018 06:56:53 Europe/Berlin] 0:admin:session.inc:432:[before upgrade] ini_set(): A session is active. You cannot change the session module's ini settings at this time
[29-Oct-2018 06:56:54 Europe/Berlin] 0:admin:session.inc:432:[before upgrade] ini_set(): A session is active. You cannot change the session module's ini settings at this time
[29-Oct-2018 06:56:55 Europe/Berlin] 0:admin:session.inc:432:[before upgrade] ini_set(): A session is active. You cannot change the session module's ini settings at this time
[29-Oct-2018 06:56:58 Europe/Berlin] 0:admin:session.inc:432:[before upgrade] ini_set(): A session is active. You cannot change the session module's ini settings at this time
[29-Oct-2018 06:56:59 Europe/Berlin] 0:admin:session.inc:432:[before upgrade] ini_set(): A session is active. You cannot change the session module's ini settings at this time
[29-Oct-2018 06:57:01 Europe/Berlin] 0:admin:session.inc:432:[before upgrade] ini_set(): A session is active. You cannot change the session module's ini settings at this time
[29-Oct-2018 06:57:03 Europe/Berlin] 0:admin:session.inc:432:[before upgrade] ini_set(): A session is active. You cannot change the session module's ini settings at this time
[29-Oct-2018 06:57:05 Europe/Berlin] 0:admin:session.inc:432:[before upgrade] ini_set(): A session is active. You cannot change the session module's ini settings at this time
[29-Oct-2018 06:57:59 Europe/Berlin] 0:admin:session.inc:432:[before upgrade] ini_set(): A session is active. You cannot change the session module's ini settings at this time
[29-Oct-2018 06:58:01 Europe/Berlin] 0:admin:session.inc:432:[before upgrade] ini_set(): A session is active. You cannot change the session module's ini settings at this time
[29-Oct-2018 06:58:07 Europe/Berlin] 0:admin:session.inc:432:[before upgrade] ini_set(): A session is active. You cannot change the session module's ini settings at this time
[29-Oct-2018 06:58:08 Europe/Berlin] 0:admin:session.inc:432:[before upgrade] ini_set(): A session is active. You cannot change the session module's ini settings at this time
[29-Oct-2018 07:08:14 Europe/Berlin] 0:admin:session.inc:432:[before upgrade] ini_set(): A session is active. You cannot change the session module's ini settings at this time
[29-Oct-2018 07:08:16 Europe/Berlin] 0:admin:session.inc:432:[before upgrade] ini_set(): A session is active. You cannot change the session module's ini settings at this time
[29-Oct-2018 07:08:16 Europe/Berlin] 0:admin:session.inc:432:[before upgrade] ini_set(): A session is active. You cannot change the session module's ini settings at this time
[29-Oct-2018 07:08:21 Europe/Berlin] 0:admin:session.inc:432:[before upgrade] ini_set(): A session is active. You cannot change the session module's ini settings at this time
[29-Oct-2018 07:08:35 Europe/Berlin] 0:admin:session.inc:432:[before upgrade] ini_set(): A session is active. You cannot change the session module's ini settings at this time
[29-Oct-2018 07:08:48 Europe/Berlin] 0:admin:session.inc:432:[before upgrade] ini_set(): A session is active. You cannot change the session module's ini settings at this time
[29-Oct-2018 07:08:48 Europe/Berlin] <b>DATABASE ERROR :</b> order Cannot be Added<br>error code : 1054<br>error message : Unknown column 'cheque_date' in 'field list'<br>sql that failed was : INSERT INTO 0_cheque_data (trans_type, trans_no, cheque_no, cheque_date) VALUES ('12','5','chk101','2018-10-31')<br><br><br>
[29-Oct-2018 07:08:53 Europe/Berlin] 0:admin:session.inc:432:[before upgrade] ini_set(): A session is active. You cannot change the session module's ini settings at this time
[29-Oct-2018 07:09:01 Europe/Berlin] 0:admin:session.inc:432:[before upgrade] ini_set(): A session is active. You cannot change the session module's ini settings at this time
[29-Oct-2018 07:09:58 Europe/Berlin] 0:admin:session.inc:432:[before upgrade] ini_set(): A session is active. You cannot change the session module's ini settings at this time
[29-Oct-2018 07:10:06 Europe/Berlin] 0:admin:session.inc:432:[before upgrade] ini_set(): A session is active. You cannot change the session module's ini settings at this time
[29-Oct-2018 07:10:32 Europe/Berlin] 0:admin:session.inc:432:[before upgrade] ini_set(): A session is active. You cannot change the session module's ini settings at this time
[29-Oct-2018 07:10:35 Europe/Berlin] 0:admin:session.inc:432:[before upgrade] ini_set(): A session is active. You cannot change the session module's ini settings at this time
[29-Oct-2018 07:10:37 Europe/Berlin] 0:admin:session.inc:432:[before upgrade] ini_set(): A session is active. You cannot change the session module's ini settings at this time
[29-Oct-2018 07:10:39 Europe/Berlin] 0:admin:session.inc:432:[before upgrade] ini_set(): A session is active. You cannot change the session module's ini settings at this time
[29-Oct-2018 07:10:39 Europe/Berlin] 0:admin:session.inc:432:[before upgrade] ini_set(): A session is active. You cannot change the session module's ini settings at this time
[29-Oct-2018 07:10:46 Europe/Berlin] 0:admin:session.inc:432:[before upgrade] ini_set(): A session is active. You cannot change the session module's ini settings at this time
[29-Oct-2018 07:10:47 Europe/Berlin] 0:admin:session.inc:432:[before upgrade] ini_set(): A session is active. You cannot change the session module's ini settings at this time
[29-Oct-2018 07:10:52 Europe/Berlin] 0:admin:session.inc:432:[before upgrade] ini_set(): A session is active. You cannot change the session module's ini settings at this time
[29-Oct-2018 07:10:55 Europe/Berlin] 0:admin:session.inc:432:[before upgrade] ini_set(): A session is active. You cannot change the session module's ini settings at this time
[29-Oct-2018 07:10:57 Europe/Berlin] 0:admin:session.inc:432:[before upgrade] ini_set(): A session is active. You cannot change the session module's ini settings at this time
[29-Oct-2018 07:11:01 Europe/Berlin] 0:admin:session.inc:432:[before upgrade] ini_set(): A session is active. You cannot change the session module's ini settings at this time
[29-Oct-2018 07:11:04 Europe/Berlin] 0:admin:session.inc:432:[before upgrade] ini_set(): A session is active. You cannot change the session module's ini settings at this time
[29-Oct-2018 07:11:04 Europe/Berlin] 0:admin:session.inc:432:[before upgrade] ini_set(): A session is active. You cannot change the session module's ini settings at this time
[29-Oct-2018 07:11:09 Europe/Berlin] 0:admin:session.inc:432:[before upgrade] ini_set(): A session is active. You cannot change the session module's ini settings at this time
[29-Oct-2018 07:11:12 Europe/Berlin] 0:admin:session.inc:432:[before upgrade] ini_set(): A session is active. You cannot change the session module's ini settings at this time
[29-Oct-2018 07:11:15 Europe/Berlin] 0:admin:session.inc:432:[before upgrade] ini_set(): A session is active. You cannot change the session module's ini settings at this time
[29-Oct-2018 07:11:15 Europe/Berlin] 0:admin:db_pager.inc:293: count(): Parameter must be an array or an object that implements Countable
[29-Oct-2018 07:11:15 Europe/Berlin] 0:admin:db_pager.inc:293: count(): Parameter must be an array or an object that implements Countable
[29-Oct-2018 07:11:20 Europe/Berlin] 0:admin:session.inc:432:[before upgrade] ini_set(): A session is active. You cannot change the session module's ini settings at this time
[29-Oct-2018 07:11:20 Europe/Berlin] 0:admin:db_pager.inc:293: count(): Parameter must be an array or an object that implements Countable
[29-Oct-2018 07:11:20 Europe/Berlin] 0:admin:db_pager.inc:293: count(): Parameter must be an array or an object that implements Countable
[29-Oct-2018 07:11:25 Europe/Berlin] 0:admin:session.inc:432:[before upgrade] ini_set(): A session is active. You cannot change the session module's ini settings at this time
[29-Oct-2018 07:11:50 Europe/Berlin] 0:admin:session.inc:432:[before upgrade] ini_set(): A session is active. You cannot change the session module's ini settings at this time
[29-Oct-2018 07:11:55 Europe/Berlin] 0:admin:session.inc:432:[before upgrade] ini_set(): A session is active. You cannot change the session module's ini settings at this time
[29-Oct-2018 07:12:04 Europe/Berlin] 0:admin:session.inc:432:[before upgrade] ini_set(): A session is active. You cannot change the session module's ini settings at this time
[29-Oct-2018 07:12:05 Europe/Berlin] 0:admin:session.inc:432:[before upgrade] ini_set(): A session is active. You cannot change the session module's ini settings at this time
[29-Oct-2018 07:12:07 Europe/Berlin] 0:admin:session.inc:432:[before upgrade] ini_set(): A session is active. You cannot change the session module's ini settings at this time
[29-Oct-2018 07:12:08 Europe/Berlin] 0:admin:session.inc:432:[before upgrade] ini_set(): A session is active. You cannot change the session module's ini settings at this time
[29-Oct-2018 07:12:08 Europe/Berlin] 0:admin:db_pager.inc:293: count(): Parameter must be an array or an object that implements Countable
[29-Oct-2018 07:12:09 Europe/Berlin] 0:admin:session.inc:432:[before upgrade] ini_set(): A session is active. You cannot change the session module's ini settings at this time
[29-Oct-2018 07:12:18 Europe/Berlin] 0:admin:session.inc:432:[before upgrade] ini_set(): A session is active. You cannot change the session module's ini settings at this time
[29-Oct-2018 07:12:26 Europe/Berlin] 0:admin:session.inc:432:[before upgrade] ini_set(): A session is active. You cannot change the session module's ini settings at this time
[29-Oct-2018 07:12:30 Europe/Berlin] 0:admin:session.inc:432:[before upgrade] ini_set(): A session is active. You cannot change the session module's ini settings at this time
[29-Oct-2018 07:12:30 Europe/Berlin] <b>DATABASE ERROR :</b> order Cannot be Added<br>error code : 1054<br>error message : Unknown column 'cheque_date' in 'field list'<br>sql that failed was : INSERT INTO 0_cheque_data (trans_type, trans_no, cheque_no, cheque_date) VALUES ('12','8','111111','2018-10-29')<br><br><br>
[29-Oct-2018 07:12:36 Europe/Berlin] 0:admin:session.inc:432:[before upgrade] ini_set(): A session is active. You cannot change the session module's ini settings at this time
[02-Nov-2018 05:34:18 Europe/Berlin] 0:admin:po_approval_seting.php:12: include_once(../purchasing/includes/db/po_approval_db.php): failed to open stream: No such file or directory
[02-Nov-2018 05:34:18 Europe/Berlin] 0:admin:po_approval_seting.php:12: include_once(): Failed opening '../purchasing/includes/db/po_approval_db.php' for inclusion (include_path='D:\xampp\php\PEAR')
[02-Nov-2018 05:34:18 Europe/Berlin] 0:admin:po_approval_seting.php:19: Unhandled exception [0]: Call to undefined function get_approval_rule().
